(0000) 3000  0011000000000000 (   4)                 .ORIG x3000
(3000) 483E  0100100000111110 (   6) MAIN            JSR   INIT_STACK
(3001) 4840  0100100001000000 (   7)                 JSR   INPUT_SCORES
(3002) 485C  0100100001011100 (   8)                 JSR   FIND_MIN_MAX
(3003) 4873  0100100001110011 (   9)                 JSR   CALC_AVG
(3004) 4884  0100100010000100 (  10)                 JSR   DISPLAY_RESULTS
(3005) F025  1111000000100101 (  11)                 TRAP  x25
(3006) 0000  0000000000000000 (  16) SCORES          .FILL x0000
(3007) 0000  0000000000000000 (  16)                 .FILL x0000
(3008) 0000  0000000000000000 (  16)                 .FILL x0000
(3009) 0000  0000000000000000 (  16)                 .FILL x0000
(300A) 0000  0000000000000000 (  16)                 .FILL x0000
(300B) 0000  0000000000000000 (  16) MIN             .FILL x0000
(300C) 0000  0000000000000000 (  17) MAX             .FILL x0000
(300D) 0000  0000000000000000 (  18) AVG             .FILL x0000
(300E) 0045  0000000001000101 (  19) PROMPT          .FILL x0045
(300F) 006E  0000000001101110 (  19)                 .FILL x006E
(3010) 0074  0000000001110100 (  19)                 .FILL x0074
(3011) 0065  0000000001100101 (  19)                 .FILL x0065
(3012) 0072  0000000001110010 (  19)                 .FILL x0072
(3013) 0020  0000000000100000 (  19)                 .FILL x0020
(3014) 0073  0000000001110011 (  19)                 .FILL x0073
(3015) 0063  0000000001100011 (  19)                 .FILL x0063
(3016) 006F  0000000001101111 (  19)                 .FILL x006F
(3017) 0072  0000000001110010 (  19)                 .FILL x0072
(3018) 0065  0000000001100101 (  19)                 .FILL x0065
(3019) 0020  0000000000100000 (  19)                 .FILL x0020
(301A) 0028  0000000000101000 (  19)                 .FILL x0028
(301B) 0030  0000000000110000 (  19)                 .FILL x0030
(301C) 002D  0000000000101101 (  19)                 .FILL x002D
(301D) 0031  0000000000110001 (  19)                 .FILL x0031
(301E) 0030  0000000000110000 (  19)                 .FILL x0030
(301F) 0030  0000000000110000 (  19)                 .FILL x0030
(3020) 0029  0000000000101001 (  19)                 .FILL x0029
(3021) 003A  0000000000111010 (  19)                 .FILL x003A
(3022) 0020  0000000000100000 (  19)                 .FILL x0020
(3023) 0000  0000000000000000 (  19)                 .FILL x0000
(3024) 000A  0000000000001010 (  20) MIN_MSG         .FILL x000A
(3025) 004D  0000000001001101 (  20)                 .FILL x004D
(3026) 0069  0000000001101001 (  20)                 .FILL x0069
(3027) 006E  0000000001101110 (  20)                 .FILL x006E
(3028) 003A  0000000000111010 (  20)                 .FILL x003A
(3029) 0020  0000000000100000 (  20)                 .FILL x0020
(302A) 0000  0000000000000000 (  20)                 .FILL x0000
(302B) 000A  0000000000001010 (  21) MAX_MSG         .FILL x000A
(302C) 004D  0000000001001101 (  21)                 .FILL x004D
(302D) 0061  0000000001100001 (  21)                 .FILL x0061
(302E) 0078  0000000001111000 (  21)                 .FILL x0078
(302F) 003A  0000000000111010 (  21)                 .FILL x003A
(3030) 0020  0000000000100000 (  21)                 .FILL x0020
(3031) 0000  0000000000000000 (  21)                 .FILL x0000
(3032) 000A  0000000000001010 (  22) AVG_MSG         .FILL x000A
(3033) 0041  0000000001000001 (  22)                 .FILL x0041
(3034) 0076  0000000001110110 (  22)                 .FILL x0076
(3035) 0067  0000000001100111 (  22)                 .FILL x0067
(3036) 003A  0000000000111010 (  22)                 .FILL x003A
(3037) 0020  0000000000100000 (  22)                 .FILL x0020
(3038) 0000  0000000000000000 (  22)                 .FILL x0000
(3039) 0020  0000000000100000 (  23) GRADE_MSG       .FILL x0020
(303A) 0028  0000000000101000 (  23)                 .FILL x0028
(303B) 0000  0000000000000000 (  23)                 .FILL x0000
(303C) 0029  0000000000101001 (  24) NL              .FILL x0029
(303D) 000A  0000000000001010 (  24)                 .FILL x000A
(303E) 0000  0000000000000000 (  24)                 .FILL x0000
(303F) 2C01  0010110000000001 (  28) INIT_STACK      LD    R6 STACK_BASE
(3040) C1C0  1100000111000000 (  29)                 RET   
(3041) 4000  0100000000000000 (  30) STACK_BASE      .FILL x4000
(3042) 3EAA  0011111010101010 (  33) INPUT_SCORES    ST    R7 SAVE_R7_IN
(3043) 5260  0101001001100000 (  34)                 AND   R1 R1 #0
(3044) 24AF  0010010010101111 (  35)                 LD    R2 SCORES_PTR
(3045) E1C8  1110000111001000 (  37) INPUT_LOOP      LEA   R0 PROMPT
(3046) F022  1111000000100010 (  38)                 TRAP  x22
(3047) F020  1111000000100000 (  41)                 TRAP  x20
(3048) F021  1111000000100001 (  42)                 TRAP  x21
(3049) 4811  0100100000010001 (  43)                 JSR   ASCII_TO_NUM
(304A) 1620  0001011000100000 (  44)                 ADD   R3 R0 #0
(304B) F020  1111000000100000 (  47)                 TRAP  x20
(304C) F021  1111000000100001 (  48)                 TRAP  x21
(304D) 480D  0100100000001101 (  49)                 JSR   ASCII_TO_NUM
(304E) 18C3  0001100011000011 (  52)                 ADD   R4 R3 R3
(304F) 1904  0001100100000100 (  53)                 ADD   R4 R4 R4
(3050) 1904  0001100100000100 (  54)                 ADD   R4 R4 R4
(3051) 1903  0001100100000011 (  55)                 ADD   R4 R4 R3
(3052) 1903  0001100100000011 (  56)                 ADD   R4 R4 R3
(3053) 1100  0001000100000000 (  57)                 ADD   R0 R4 R0
(3054) 7080  0111000010000000 (  59)                 STR   R0 R2 #0
(3055) 14A1  0001010010100001 (  60)                 ADD   R2 R2 #1
(3056) 1261  0001001001100001 (  61)                 ADD   R1 R1 #1
(3057) 167B  0001011001111011 (  62)                 ADD   R3 R1 #-5
(3058) 09EC  0000100111101100 (  63)                 BRN   INPUT_LOOP
(3059) 2E93  0010111010010011 (  65)                 LD    R7 SAVE_R7_IN
(305A) C1C0  1100000111000000 (  66)                 RET   
(305B) 1030  0001000000110000 (  69) ASCII_TO_NUM    ADD   R0 R0 #-16
(305C) 1030  0001000000110000 (  70)                 ADD   R0 R0 #-16
(305D) 1030  0001000000110000 (  71)                 ADD   R0 R0 #-16
(305E) C1C0  1100000111000000 (  72)                 RET   
(305F) 3E8E  0011111010001110 (  75) FIND_MIN_MAX    ST    R7 SAVE_R7_MM
(3060) 2293  0010001010010011 (  76)                 LD    R1 SCORES_PTR
(3061) 6440  0110010001000000 (  77)                 LDR   R2 R1 #0
(3062) 6640  0110011001000000 (  78)                 LDR   R3 R1 #0
(3063) 5920  0101100100100000 (  79)                 AND   R4 R4 #0
(3064) 6040  0110000001000000 (  81) MM_LOOP         LDR   R0 R1 #0
(3065) 9A3F  1001101000111111 (  84)                 NOT   R5 R0
(3066) 1B61  0001101101100001 (  85)                 ADD   R5 R5 #1
(3067) 1A85  0001101010000101 (  86)                 ADD   R5 R2 R5
(3068) 0801  0000100000000001 (  87)                 BRN   NOT_MIN
(3069) 1420  0001010000100000 (  88)                 ADD   R2 R0 #0
(306A) 9A3F  1001101000111111 (  91) NOT_MIN         NOT   R5 R0
(306B) 1B61  0001101101100001 (  92)                 ADD   R5 R5 #1
(306C) 1AC5  0001101011000101 (  93)                 ADD   R5 R3 R5
(306D) 0601  0000011000000001 (  94)                 BRZP  NOT_MAX
(306E) 1620  0001011000100000 (  95)                 ADD   R3 R0 #0
(306F) 1261  0001001001100001 (  97) NOT_MAX         ADD   R1 R1 #1
(3070) 1921  0001100100100001 (  98)                 ADD   R4 R4 #1
(3071) 1B3B  0001101100111011 (  99)                 ADD   R5 R4 #-5
(3072) 09F1  0000100111110001 ( 100)                 BRN   MM_LOOP
(3073) 3597  0011010110010111 ( 102)                 ST    R2 MIN
(3074) 3797  0011011110010111 ( 103)                 ST    R3 MAX
(3075) 2E78  0010111001111000 ( 104)                 LD    R7 SAVE_R7_MM
(3076) C1C0  1100000111000000 ( 105)                 RET   
(3077) 3E77  0011111001110111 ( 107) CALC_AVG        ST    R7 SAVE_R7_AVG
(3078) 227B  0010001001111011 ( 108)                 LD    R1 SCORES_PTR
(3079) 54A0  0101010010100000 ( 109)                 AND   R2 R2 #0
(307A) 56E0  0101011011100000 ( 110)                 AND   R3 R3 #0
(307B) 6040  0110000001000000 ( 112) SUM_LOOP        LDR   R0 R1 #0
(307C) 1480  0001010010000000 ( 113)                 ADD   R2 R2 R0
(307D) 1261  0001001001100001 ( 114)                 ADD   R1 R1 #1
(307E) 16E1  0001011011100001 ( 115)                 ADD   R3 R3 #1
(307F) 18FB  0001100011111011 ( 116)                 ADD   R4 R3 #-5
(3080) 09FA  0000100111111010 ( 117)                 BRN   SUM_LOOP
(3081) 5020  0101000000100000 ( 120)                 AND   R0 R0 #0
(3082) 1021  0001000000100001 ( 121) DIV_LOOP        ADD   R0 R0 #1
(3083) 14BB  0001010010111011 ( 122)                 ADD   R2 R2 #-5
(3084) 07FD  0000011111111101 ( 123)                 BRZP  DIV_LOOP
(3085) 103F  0001000000111111 ( 124)                 ADD   R0 R0 #-1
(3086) 3186  0011000110000110 ( 125)                 ST    R0 AVG
(3087) 2E67  0010111001100111 ( 126)                 LD    R7 SAVE_R7_AVG
(3088) C1C0  1100000111000000 ( 127)                 RET   
(3089) 3E66  0011111001100110 ( 130) DISPLAY_RESULTS ST    R7 SAVE_R7_DISP
(308A) E199  1110000110011001 ( 131)                 LEA   R0 MIN_MSG
(308B) F022  1111000000100010 ( 132)                 TRAP  x22
(308C) 217E  0010000101111110 ( 133)                 LD    R0 MIN
(308D) 4810  0100100000010000 ( 134)                 JSR   DISPLAY_NUM
(308E) 217C  0010000101111100 ( 135)                 LD    R0 MIN
(308F) 482E  0100100000101110 ( 136)                 JSR   DISPLAY_GRADE
(3090) E19A  1110000110011010 ( 138)                 LEA   R0 MAX_MSG
(3091) F022  1111000000100010 ( 139)                 TRAP  x22
(3092) 2179  0010000101111001 ( 140)                 LD    R0 MAX
(3093) 480A  0100100000001010 ( 141)                 JSR   DISPLAY_NUM
(3094) 2177  0010000101110111 ( 142)                 LD    R0 MAX
(3095) 4828  0100100000101000 ( 143)                 JSR   DISPLAY_GRADE
(3096) E19B  1110000110011011 ( 145)                 LEA   R0 AVG_MSG
(3097) F022  1111000000100010 ( 146)                 TRAP  x22
(3098) 2174  0010000101110100 ( 147)                 LD    R0 AVG
(3099) 4804  0100100000000100 ( 148)                 JSR   DISPLAY_NUM
(309A) 2172  0010000101110010 ( 149)                 LD    R0 AVG
(309B) 4822  0100100000100010 ( 150)                 JSR   DISPLAY_GRADE
(309C) 2E53  0010111001010011 ( 152)                 LD    R7 SAVE_R7_DISP
(309D) C1C0  1100000111000000 ( 153)                 RET   
(309E) 3E52  0011111001010010 ( 156) DISPLAY_NUM     ST    R7 SAVE_R7_NUM
(309F) 1220  0001001000100000 ( 157)                 ADD   R1 R0 #0
(30A0) 1070  0001000001110000 ( 160)                 ADD   R0 R1 #-16
(30A1) 1030  0001000000110000 ( 161)                 ADD   R0 R0 #-16
(30A2) 1030  0001000000110000 ( 162)                 ADD   R0 R0 #-16
(30A3) 1030  0001000000110000 ( 163)                 ADD   R0 R0 #-16
(30A4) 1030  0001000000110000 ( 164)                 ADD   R0 R0 #-16
(30A5) 1030  0001000000110000 ( 165)                 ADD   R0 R0 #-16
(30A6) 103C  0001000000111100 ( 166)                 ADD   R0 R0 #-4
(30A7) 0A06  0000101000000110 ( 167)                 BRNP  NOT_100
(30A8) 203A  0010000000111010 ( 168)                 LD    R0 ASCII_1
(30A9) F021  1111000000100001 ( 169)                 TRAP  x21
(30AA) 2037  0010000000110111 ( 170)                 LD    R0 ASCII_0
(30AB) F021  1111000000100001 ( 171)                 TRAP  x21
(30AC) F021  1111000000100001 ( 172)                 TRAP  x21
(30AD) 0E0E  0000111000001110 ( 173)                 BRNZP NUM_DONE
(30AE) 5020  0101000000100000 ( 175) NOT_100         AND   R0 R0 #0
(30AF) 1021  0001000000100001 ( 176) TENS_LOOP       ADD   R0 R0 #1
(30B0) 1276  0001001001110110 ( 177)                 ADD   R1 R1 #-10
(30B1) 07FD  0000011111111101 ( 178)                 BRZP  TENS_LOOP
(30B2) 103F  0001000000111111 ( 180)                 ADD   R0 R0 #-1
(30B3) 126A  0001001001101010 ( 181)                 ADD   R1 R1 #10
(30B4) 1420  0001010000100000 ( 182)                 ADD   R2 R0 #0
(30B5) 0403  0000010000000011 ( 185)                 BRZ   ONES_DIGIT
(30B6) 262B  0010011000101011 ( 186)                 LD    R3 ASCII_0
(30B7) 1083  0001000010000011 ( 187)                 ADD   R0 R2 R3
(30B8) F021  1111000000100001 ( 188)                 TRAP  x21
(30B9) 2628  0010011000101000 ( 190) ONES_DIGIT      LD    R3 ASCII_0
(30BA) 1043  0001000001000011 ( 191)                 ADD   R0 R1 R3
(30BB) F021  1111000000100001 ( 192)                 TRAP  x21
(30BC) 2E34  0010111000110100 ( 194) NUM_DONE        LD    R7 SAVE_R7_NUM
(30BD) C1C0  1100000111000000 ( 195)                 RET   
(30BE) 3E33  0011111000110011 ( 198) DISPLAY_GRADE   ST    R7 SAVE_R7_GRADE
(30BF) 3033  0011000000110011 ( 199)                 ST    R0 TEMP_SCORE
(30C0) E178  1110000101111000 ( 200)                 LEA   R0 GRADE_MSG
(30C1) F022  1111000000100010 ( 201)                 TRAP  x22
(30C2) 2230  0010001000110000 ( 204)                 LD    R1 TEMP_SCORE
(30C3) 1260  0001001001100000 ( 207)                 ADD   R1 R1 #0
(30C4) 2424  0010010000100100 ( 208)                 LD    R2 NEG_90
(30C5) 1442  0001010001000010 ( 209)                 ADD   R2 R1 R2
(30C6) 0803  0000100000000011 ( 210)                 BRN   CHECK_B
(30C7) 201C  0010000000011100 ( 211)                 LD    R0 A_GRADE
(30C8) F021  1111000000100001 ( 212)                 TRAP  x21
(30C9) 0E14  0000111000010100 ( 213)                 BRNZP GRADE_DONE
(30CA) 241F  0010010000011111 ( 216) CHECK_B         LD    R2 NEG_80
(30CB) 1442  0001010001000010 ( 217)                 ADD   R2 R1 R2
(30CC) 0803  0000100000000011 ( 218)                 BRN   CHECK_C
(30CD) 2017  0010000000010111 ( 219)                 LD    R0 B_GRADE
(30CE) F021  1111000000100001 ( 220)                 TRAP  x21
(30CF) 0E0E  0000111000001110 ( 221)                 BRNZP GRADE_DONE
(30D0) 241A  0010010000011010 ( 224) CHECK_C         LD    R2 NEG_70
(30D1) 1442  0001010001000010 ( 225)                 ADD   R2 R1 R2
(30D2) 0803  0000100000000011 ( 226)                 BRN   CHECK_D
(30D3) 2012  0010000000010010 ( 227)                 LD    R0 C_GRADE
(30D4) F021  1111000000100001 ( 228)                 TRAP  x21
(30D5) 0E08  0000111000001000 ( 229)                 BRNZP GRADE_DONE
(30D6) 2415  0010010000010101 ( 232) CHECK_D         LD    R2 NEG_60
(30D7) 1442  0001010001000010 ( 233)                 ADD   R2 R1 R2
(30D8) 0803  0000100000000011 ( 234)                 BRN   F_GRADE
(30D9) 200D  0010000000001101 ( 235)                 LD    R0 D_GRADE
(30DA) F021  1111000000100001 ( 236)                 TRAP  x21
(30DB) 0E02  0000111000000010 ( 237)                 BRNZP GRADE_DONE
(30DC) 200B  0010000000001011 ( 239) F_GRADE         LD    R0 F_GRADE_VAL
(30DD) F021  1111000000100001 ( 240)                 TRAP  x21
(30DE) E15D  1110000101011101 ( 242) GRADE_DONE      LEA   R0 NL
(30DF) F022  1111000000100010 ( 243)                 TRAP  x22
(30E0) 2E11  0010111000010001 ( 244)                 LD    R7 SAVE_R7_GRADE
(30E1) C1C0  1100000111000000 ( 245)                 RET   
(30E2) 0030  0000000000110000 ( 249) ASCII_0         .FILL x0030
(30E3) 0031  0000000000110001 ( 250) ASCII_1         .FILL x0031
(30E4) 0041  0000000001000001 ( 251) A_GRADE         .FILL x0041
(30E5) 0042  0000000001000010 ( 252) B_GRADE         .FILL x0042
(30E6) 0043  0000000001000011 ( 253) C_GRADE         .FILL x0043
(30E7) 0044  0000000001000100 ( 254) D_GRADE         .FILL x0044
(30E8) 0046  0000000001000110 ( 255) F_GRADE_VAL     .FILL x0046
(30E9) FFA6  1111111110100110 ( 256) NEG_90          .FILL xFFA6
(30EA) FFB0  1111111110110000 ( 257) NEG_80          .FILL xFFB0
(30EB) FFBA  1111111110111010 ( 258) NEG_70          .FILL xFFBA
(30EC) FFC4  1111111111000100 ( 259) NEG_60          .FILL xFFC4
(30ED) 0000  0000000000000000 ( 264) SAVE_R7_IN      .FILL x0000
(30EE) 0000  0000000000000000 ( 265) SAVE_R7_MM      .FILL x0000
(30EF) 0000  0000000000000000 ( 266) SAVE_R7_AVG     .FILL x0000
(30F0) 0000  0000000000000000 ( 267) SAVE_R7_DISP    .FILL x0000
(30F1) 0000  0000000000000000 ( 268) SAVE_R7_NUM     .FILL x0000
(30F2) 0000  0000000000000000 ( 269) SAVE_R7_GRADE   .FILL x0000
(30F3) 0000  0000000000000000 ( 271) TEMP_SCORE      .FILL x0000
(30F4) 3006  0011000000000110 ( 271) SCORES_PTR      .FILL x3006
